<?xml version="1.0" encoding="utf-8"?><testsuites name="pytest tests"><testsuite name="pytest" errors="0" failures="0" skipped="0" tests="37" time="65.531" timestamp="2026-09-22T15:45:08.149976+00:00" hostname="agent-env-5c0461dd-a056-4ca7-821d-7ea18374260b"><testcase classname="tests.backend_test.TestHostEndpointsRequireAuth" name="test_get_schede_no_auth" time="0.338" /><testcase classname="tests.backend_test.TestHostEndpointsRequireAuth" name="test_post_schede_no_auth" time="0.050" /><testcase classname="tests.backend_test.TestHostEndpointsRequireAuth" name="test_put_schede_no_auth" time="0.050" /><testcase classname="tests.backend_test.TestHostEndpointsRequireAuth" name="test_delete_schede_no_auth" time="0.047" /><testcase classname="tests.backend_test.TestHostEndpointsRequireAuth" name="test_put_schede_paid_no_auth" time="0.057" /><testcase classname="tests.backend_test.TestPublicEndpointsNoAuth" name="test_get_scheda_by_code" time="0.625" /><testcase classname="tests.backend_test.TestHostEndpointsRequireAuth" name="test_post_exercises_no_auth" time="0.052" /><testcase classname="tests.backend_test.TestHostEndpointsRequireAuth" name="test_delete_exercises_no_auth" time="0.079" /><testcase classname="tests.backend_test.TestPublicEndpointsNoAuth" name="test_post_checkin" time="0.036" /><testcase classname="tests.backend_test.TestPublicEndpointsNoAuth" name="test_get_checkins" time="0.079" /><testcase classname="tests.backend_test.TestHostEndpointsRequireAuth" name="test_put_warmup_no_auth" time="0.040" /><testcase classname="tests.backend_test.TestHostEndpointsRequireAuth" name="test_delete_checkin_no_auth" time="0.095" /><testcase classname="tests.backend_test.TestPublicEndpointsNoAuth" name="test_get_checkin_stats" time="0.042" /><testcase classname="tests.backend_test.TestPublicEndpointsNoAuth" name="test_get_client_state" time="0.081" /><testcase classname="tests.backend_test.TestInvalidTokens" name="test_random_garbage_token" time="0.044" /><testcase classname="tests.backend_test.TestPublicEndpointsNoAuth" name="test_put_client_state" time="0.040" /><testcase classname="tests.backend_test.TestPublicEndpointsNoAuth" name="test_get_client_state_history" time="0.042" /><testcase classname="tests.backend_test.TestPublicEndpointsNoAuth" name="test_get_warmup" time="0.035" /><testcase classname="tests.backend_test.TestPublicEndpointsNoAuth" name="test_get_exercises" time="0.034" /><testcase classname="tests.backend_test.TestPublicEndpointsNoAuth" name="test_get_muscle_groups" time="0.074" /><testcase classname="tests.backend_test.TestHostEndpointsWithValidToken" name="test_list_schede_ok" time="0.044" /><testcase classname="tests.backend_test.TestInvalidTokens" name="test_tampered_signature" time="0.355" /><testcase classname="tests.backend_test.TestHostEndpointsWithValidToken" name="test_update_scheda_ok" time="0.122" /><testcase classname="tests.backend_test.TestInvalidTokens" name="test_wrong_secret_signed_token" time="0.044" /><testcase classname="tests.backend_test.TestInvalidTokens" name="test_expired_token" time="0.046" /><testcase classname="tests.backend_test.TestHostEndpointsWithValidToken" name="test_put_paid_ok" time="0.117" /><testcase classname="tests.backend_test.TestInvalidTokens" name="test_missing_role_claim" time="0.089" /><testcase classname="tests.backend_test.TestHostEndpointsWithValidToken" name="test_create_delete_exercise_ok" time="0.123" /><testcase classname="tests.backend_test.TestInvalidTokens" name="test_wrong_role_claim" time="0.046" /><testcase classname="tests.backend_test.TestInvalidTokens" name="test_wrong_sub_claim" time="0.105" /><testcase classname="tests.backend_test.TestHostEndpointsWithValidToken" name="test_put_warmup_ok" time="0.078" /><testcase classname="tests.backend_test.TestInvalidTokens" name="test_non_bearer_scheme" time="0.083" /><testcase classname="tests.backend_test.TestHostEndpointsWithValidToken" name="test_delete_checkin_ok" time="0.204" /><testcase classname="tests.backend_test.TestHostVerify" name="test_verify_with_correct_password" time="0.001" /><testcase classname="tests.backend_test.TestHostVerify" name="test_verify_with_wrong_password_returns_401" time="0.242" /><testcase classname="tests.backend_test" name="test_root" time="0.075" /><testcase classname="tests.backend_test.TestZRateLimit" name="test_wrong_password_rate_limit_429" time="63.214" /></testsuite></testsuites>