<?xml version="1.0" encoding="utf-8"?><testsuites name="pytest tests"><testsuite name="pytest" errors="0" failures="0" skipped="0" tests="15" time="1.694" timestamp="2026-09-17T14:25:06.593274+00:00" hostname="agent-env-5c0461dd-a056-4ca7-821d-7ea18374260b"><testcase classname="tests.backend_test.TestCheckins" name="test_checkin_invalid_code_returns_404" time="0.318" /><testcase classname="tests.backend_test.TestSchede" name="test_create_scheda_unique_6digit" time="0.360" /><testcase classname="tests.backend_test.TestSchede" name="test_list_schede" time="0.041" /><testcase classname="tests.backend_test.TestSchede" name="test_get_scheda_by_code" time="0.076" /><testcase classname="tests.backend_test.TestCheckins" name="test_create_checkin_valid" time="0.150" /><testcase classname="tests.backend_test.TestCheckins" name="test_checkin_stats_structure" time="0.221" /><testcase classname="tests.backend_test.TestSchede" name="test_get_scheda_404" time="0.079" /><testcase classname="tests.backend_test.TestSchede" name="test_update_scheda" time="0.153" /><testcase classname="tests.backend_test.TestExercises" name="test_seed_exercises" time="0.039" /><testcase classname="tests.backend_test.TestSchede" name="test_update_scheda_404" time="0.077" /><testcase classname="tests.backend_test.TestExercises" name="test_create_and_delete_exercise" time="0.144" /><testcase classname="tests.backend_test.TestSchedaDelete" name="test_delete_scheda_and_checkins" time="0.388" /><testcase classname="tests.backend_test.TestExercises" name="test_delete_exercise_404" time="0.039" /><testcase classname="tests.backend_test" name="test_root" time="0.091" /><testcase classname="tests.backend_test.TestSchedaDelete" name="test_delete_scheda_404" time="0.158" /></testsuite></testsuites>