<?xml version="1.0" encoding="utf-8"?><testsuites name="pytest tests"><testsuite name="pytest" errors="0" failures="0" skipped="0" tests="15" time="1.755" timestamp="2026-09-25T08:30:32.573988+00:00" hostname="agent-env-5c0461dd-a056-4ca7-821d-7ea18374260b"><testcase classname="tests.test_auto_archive.TestAuthRequired" name="test_auto_archive_requires_auth" time="0.271" /><testcase classname="tests.test_auto_archive.TestAuthRequired" name="test_archive_toggle_requires_auth" time="0.057" /><testcase classname="tests.test_auto_archive.TestAuthRequired" name="test_list_schede_requires_auth" time="0.045" /><testcase classname="tests.test_auto_archive.TestAutoArchive" name="test_auto_archive_60d_behaviour" time="0.399" /><testcase classname="tests.test_auto_archive.TestAutoArchive" name="test_auto_archive_idempotent" time="0.045" /><testcase classname="tests.test_auto_archive.TestAutoArchive" name="test_auto_archive_days_clamped_upper" time="0.076" /><testcase classname="tests.test_auto_archive.TestAutoArchive" name="test_auto_archive_zero_defaults_to_60" time="0.081" /><testcase classname="tests.test_auto_archive.TestPublicGetArchived" name="test_public_get_archived_returns_404" time="0.050" /><testcase classname="tests.test_auto_archive.TestSchedeListing" name="test_list_archived_true_contains_seeded" time="0.329" /><testcase classname="tests.test_auto_archive.TestPublicGetArchived" name="test_public_get_active_ok" time="0.051" /><testcase classname="tests.test_auto_archive.TestSchedeListing" name="test_list_archived_false_default_excludes_archived" time="0.041" /><testcase classname="tests.test_auto_archive.TestPublicGetArchived" name="test_public_get_legacy_ok" time="0.078" /><testcase classname="tests.test_auto_archive.TestSchedeListing" name="test_list_archived_all_returns_both" time="0.057" /><testcase classname="tests.test_auto_archive.TestArchiveToggle" name="test_toggle_archive_true_then_false" time="0.214" /><testcase classname="tests.test_auto_archive.TestArchiveToggle" name="test_toggle_archive_unknown_code_404" time="0.089" /></testsuite></testsuites>